#
# There is insufficient memory for the Java Runtime Environment to continue.
# Native memory allocation (malloc) failed to allocate 1513792 bytes for Chunk::new
# Possible reasons:
#   The system is out of physical RAM or swap space
#   The process is running with CompressedOops enabled, and the Java Heap may be blocking the growth of the native heap
# Possible solutions:
#   Reduce memory load on the system
#   Increase physical memory or swap space
#   Check if swap backing store is full
#   Decrease Java heap size (-Xmx/-Xms)
#   Decrease number of Java threads
#   Decrease Java thread stack sizes (-Xss)
#   Set larger code cache with -XX:ReservedCodeCacheSize=
#   JVM is running with Unscaled Compressed Oops mode in which the Java heap is
#     placed in the first 4GB address space. The Java Heap base address is the
#     maximum limit for the native heap growth. Please use -XX:HeapBaseMinAddress
#     to set the Java Heap base and to place the Java Heap above 4GB virtual address.
# This output file may be truncated or incomplete.
#
#  Out of Memory Error (arena.cpp:189), pid=8324, tid=1708
#
# JRE version: OpenJDK Runtime Environment Temurin-17.0.6+10 (17.0.6+10) (build 17.0.6+10)
# Java VM: OpenJDK 64-Bit Server VM Temurin-17.0.6+10 (17.0.6+10, mixed mode, tiered, compressed oops, compressed class ptrs, parallel gc, windows-amd64)
# No core dump will be written. Minidumps are not enabled by default on client versions of Windows
#

---------------  S U M M A R Y ------------

Command Line: --add-modules=ALL-SYSTEM --add-opens=java.base/java.util=ALL-UNNAMED --add-opens=java.base/java.lang=ALL-UNNAMED --add-opens=java.base/sun.nio.fs=ALL-UNNAMED -Declipse.application=org.eclipse.jdt.ls.core.id1 -Dosgi.bundles.defaultStartLevel=4 -Declipse.product=org.eclipse.jdt.ls.core.product -Djava.import.generatesMetadataFilesAtProjectRoot=false -Dfile.encoding=utf8 -XX:+UseParallelGC -XX:GCTimeRatio=4 -XX:AdaptiveSizePolicyWeight=90 -Dsun.zip.disableMemoryMapping=true -Xmx1G -Xms100m -Xlog:disable -javaagent:c:\Users\PALLADIN\.vscode\extensions\redhat.java-1.16.0-win32-x64\lombok\lombok-1.18.24.jar -XX:+HeapDumpOnOutOfMemoryError -XX:HeapDumpPath=c:\Users\PALLADIN\AppData\Roaming\Code\User\workspaceStorage\71de4f639e1c383610c6ebc6cf9e0543\redhat.java c:\Users\PALLADIN\.vscode\extensions\redhat.java-1.16.0-win32-x64\server\plugins\org.eclipse.equinox.launcher_1.6.400.v20210924-0641.jar -configuration c:\Users\PALLADIN\AppData\Roaming\Code\User\globalStorage\redhat.java\1.16.0\config_win -data c:\Users\PALLADIN\AppData\Roaming\Code\User\workspaceStorage\71de4f639e1c383610c6ebc6cf9e0543\redhat.java\jdt_ws

Host: Intel(R) Pentium(R) CPU  N3710  @ 1.60GHz, 4 cores, 7G,  Windows 10 , 64 bit Build 19041 (10.0.19041.2364)
Time: Sun Mar 26 21:22:28 2023  Windows 10 , 64 bit Build 19041 (10.0.19041.2364) elapsed time: 38.855277 seconds (0d 0h 0m 38s)

---------------  T H R E A D  ---------------

Current thread (0x000002a24a8fdb20):  JavaThread "C2 CompilerThread1" daemon [_thread_in_native, id=1708, stack(0x000000ae2a800000,0x000000ae2a900000)]


Current CompileTask:
C2:  38855 5729       4       org.objectweb.asm.ClassReader::readMethod (1066 bytes)

Stack: [0x000000ae2a800000,0x000000ae2a900000]
Native frames: (J=compiled Java code, j=interpreted, Vv=VM code, C=native code)
V  [jvm.dll+0x67741a]
V  [jvm.dll+0x834434]
V  [jvm.dll+0x835bde]
V  [jvm.dll+0x836243]
V  [jvm.dll+0x2457b5]
V  [jvm.dll+0xabafc]
V  [jvm.dll+0xac0cc]
V  [jvm.dll+0x3634e7]
V  [jvm.dll+0x1bba02]
V  [jvm.dll+0x218749]
V  [jvm.dll+0x217a11]
V  [jvm.dll+0x1a3d0d]
V  [jvm.dll+0x22742a]
V  [jvm.dll+0x225565]
V  [jvm.dll+0x7ea2cb]
V  [jvm.dll+0x7e483a]
V  [jvm.dll+0x6762c5]
C  [ucrtbase.dll+0x21bb2]
C  [KERNEL32.DLL+0x17614]
C  [ntdll.dll+0x526a1]


---------------  P R O C E S S  ---------------

Threads class SMR info:
_java_thread_list=0x000002a24e3f4330, length=26, elements={
0x000002a234cb3d50, 0x000002a248ad3740, 0x000002a248ad6cc0, 0x000002a248b04cb0,
0x000002a248b05570, 0x000002a248b05e30, 0x000002a248b066f0, 0x000002a248b075a0,
0x000002a248b29440, 0x000002a24a54c810, 0x000002a2489c1520, 0x000002a24a7fd220,
0x000002a24b014a70, 0x000002a24bc3c000, 0x000002a24affac30, 0x000002a24aadbf00,
0x000002a24aadc3d0, 0x000002a24aadcd70, 0x000002a24aadd710, 0x000002a24aade580,
0x000002a24aadea50, 0x000002a24aadb090, 0x000002a24aadb560, 0x000002a24aadba30,
0x000002a24aadd240, 0x000002a24a8fdb20
}

Java Threads: ( => current thread )
  0x000002a234cb3d50 JavaThread "main" [_thread_blocked, id=12280, stack(0x000000ae28600000,0x000000ae28700000)]
  0x000002a248ad3740 JavaThread "Reference Handler" daemon [_thread_blocked, id=4672, stack(0x000000ae28900000,0x000000ae28a00000)]
  0x000002a248ad6cc0 JavaThread "Finalizer" daemon [_thread_blocked, id=10040, stack(0x000000ae28a00000,0x000000ae28b00000)]
  0x000002a248b04cb0 JavaThread "Signal Dispatcher" daemon [_thread_blocked, id=300, stack(0x000000ae28b00000,0x000000ae28c00000)]
  0x000002a248b05570 JavaThread "Attach Listener" daemon [_thread_blocked, id=11420, stack(0x000000ae28c00000,0x000000ae28d00000)]
  0x000002a248b05e30 JavaThread "Service Thread" daemon [_thread_blocked, id=3852, stack(0x000000ae28d00000,0x000000ae28e00000)]
  0x000002a248b066f0 JavaThread "Monitor Deflation Thread" daemon [_thread_blocked, id=2144, stack(0x000000ae28e00000,0x000000ae28f00000)]
  0x000002a248b075a0 JavaThread "C2 CompilerThread0" daemon [_thread_in_native, id=8968, stack(0x000000ae28f00000,0x000000ae29000000)]
  0x000002a248b29440 JavaThread "C1 CompilerThread0" daemon [_thread_blocked, id=11844, stack(0x000000ae29000000,0x000000ae29100000)]
  0x000002a24a54c810 JavaThread "Sweeper thread" daemon [_thread_blocked, id=12104, stack(0x000000ae29100000,0x000000ae29200000)]
  0x000002a2489c1520 JavaThread "Common-Cleaner" daemon [_thread_blocked, id=6736, stack(0x000000ae29200000,0x000000ae29300000)]
  0x000002a24a7fd220 JavaThread "Notification Thread" daemon [_thread_blocked, id=5700, stack(0x000000ae29300000,0x000000ae29400000)]
  0x000002a24b014a70 JavaThread "Active Thread: Equinox Container: 61b3f12a-a3d1-4513-95aa-6ebcfc7af8ed" [_thread_blocked, id=4816, stack(0x000000ae29900000,0x000000ae29a00000)]
  0x000002a24bc3c000 JavaThread "Framework Event Dispatcher: Equinox Container: 61b3f12a-a3d1-4513-95aa-6ebcfc7af8ed" daemon [_thread_blocked, id=11352, stack(0x000000ae29800000,0x000000ae29900000)]
  0x000002a24affac30 JavaThread "Start Level: Equinox Container: 61b3f12a-a3d1-4513-95aa-6ebcfc7af8ed" daemon [_thread_blocked, id=10512, stack(0x000000ae29a00000,0x000000ae29b00000)]
  0x000002a24aadbf00 JavaThread "SCR Component Actor" daemon [_thread_blocked, id=11988, stack(0x000000ae29b00000,0x000000ae29c00000)]
  0x000002a24aadc3d0 JavaThread "Worker-JM" [_thread_blocked, id=6260, stack(0x000000ae29d00000,0x000000ae29e00000)]
  0x000002a24aadcd70 JavaThread "Worker-0" [_thread_blocked, id=10612, stack(0x000000ae29e00000,0x000000ae29f00000)]
  0x000002a24aadd710 JavaThread "Worker-1" [_thread_blocked, id=1256, stack(0x000000ae29f00000,0x000000ae2a000000)]
  0x000002a24aade580 JavaThread "Worker-2" [_thread_blocked, id=2956, stack(0x000000ae2a000000,0x000000ae2a100000)]
  0x000002a24aadea50 JavaThread "Worker-3: Initialize workspace" [_thread_blocked, id=3636, stack(0x000000ae2a100000,0x000000ae2a200000)]
  0x000002a24aadb090 JavaThread "Java indexing" daemon [_thread_blocked, id=6536, stack(0x000000ae2a300000,0x000000ae2a400000)]
  0x000002a24aadb560 JavaThread "JNA Cleaner" daemon [_thread_blocked, id=8716, stack(0x000000ae2a400000,0x000000ae2a500000)]
  0x000002a24aadba30 JavaThread "pool-2-thread-1" [_thread_blocked, id=8356, stack(0x000000ae2a700000,0x000000ae2a800000)]
  0x000002a24aadd240 JavaThread "pool-1-thread-1" [_thread_in_Java, id=852, stack(0x000000ae29c00000,0x000000ae29d00000)]
=>0x000002a24a8fdb20 JavaThread "C2 CompilerThread1" daemon [_thread_in_native, id=1708, stack(0x000000ae2a800000,0x000000ae2a900000)]

Other Threads:
  0x000002a248abe6d0 VMThread "VM Thread" [stack: 0x000000ae28800000,0x000000ae28900000] [id=12084]
  0x000002a24a7eaaf0 WatcherThread [stack: 0x000000ae29400000,0x000000ae29500000] [id=11108]
  0x000002a234ccaf40 GCTaskThread "GC Thread#0" [stack: 0x000000ae28700000,0x000000ae28800000] [id=5816]
  0x000002a24af17430 GCTaskThread "GC Thread#1" [stack: 0x000000ae29500000,0x000000ae29600000] [id=9184]
  0x000002a24ae964a0 GCTaskThread "GC Thread#2" [stack: 0x000000ae29600000,0x000000ae29700000] [id=8124]
  0x000002a24ae96750 GCTaskThread "GC Thread#3" [stack: 0x000000ae29700000,0x000000ae29800000] [id=1436]

Threads with active compile tasks:
C2 CompilerThread0    38950 5728       4       lombok.patcher.PatchScript$MethodPatcher::visitMethod (158 bytes)
C2 CompilerThread1    38950 5729       4       org.objectweb.asm.ClassReader::readMethod (1066 bytes)

VM state: not at safepoint (normal execution)

VM Mutex/Monitor currently owned by a thread: None

Heap address: 0x00000000c0000000, size: 1024 MB, Compressed Oops mode: 32-bit

CDS archive(s) not mapped
Compressed class space mapped at: 0x0000000100000000-0x0000000140000000, reserved size: 1073741824
Narrow klass base: 0x0000000000000000, Narrow klass shift: 3, Narrow klass range: 0x140000000

GC Precious Log:
 CPUs: 4 total, 4 available
 Memory: 8017M
 Large Page Support: Disabled
 NUMA Support: Disabled
 Compressed Oops: Enabled (32-bit)
 Alignments: Space 512K, Generation 512K, Heap 2M
 Heap Min Capacity: 100M
 Heap Initial Capacity: 100M
 Heap Max Capacity: 1G
 Pre-touch: Disabled
 Parallel Workers: 4

Heap:
 PSYoungGen      total 20992K, used 4436K [0x00000000eab00000, 0x00000000ec300000, 0x0000000100000000)
  eden space 20480K, 19% used [0x00000000eab00000,0x00000000eaef7328,0x00000000ebf00000)
  from space 512K, 73% used [0x00000000ec280000,0x00000000ec2ddf50,0x00000000ec300000)
  to   space 1024K, 0% used [0x00000000ec100000,0x00000000ec100000,0x00000000ec200000)
 ParOldGen       total 68608K, used 32922K [0x00000000c0000000, 0x00000000c4300000, 0x00000000eab00000)
  object space 68608K, 47% used [0x00000000c0000000,0x00000000c2026848,0x00000000c4300000)
 Metaspace       used 56863K, committed 57728K, reserved 1105920K
  class space    used 6212K, committed 6592K, reserved 1048576K

Card table byte_map: [0x000002a234660000,0x000002a234870000] _byte_map_base: 0x000002a234060000

Marking Bits: (ParMarkBitMap*) 0x00007ffa1d193e70
 Begin Bits: [0x000002a246940000, 0x000002a247940000)
 End Bits:   [0x000002a247940000, 0x000002a248940000)

Polling page: 0x000002a232a00000

Metaspace:

Usage:
  Non-class:     49.47 MB used.
      Class:      6.07 MB used.
       Both:     55.53 MB used.

Virtual space:
  Non-class space:       56.00 MB reserved,      49.94 MB ( 89%) committed,  7 nodes.
      Class space:        1.00 GB reserved,       6.44 MB ( <1%) committed,  1 nodes.
             Both:        1.05 GB reserved,      56.38 MB (  5%) committed. 

Chunk freelists:
   Non-Class:  1.77 MB
       Class:  1.52 MB
        Both:  3.29 MB

MaxMetaspaceSize: unlimited
CompressedClassSpaceSize: 1.00 GB
Initial GC threshold: 21.00 MB
Current GC threshold: 58.38 MB
CDS: off
MetaspaceReclaimPolicy: balanced
 - commit_granule_bytes: 65536.
 - commit_granule_words: 8192.
 - virtual_space_node_default_size: 1048576.
 - enlarge_chunks_in_place: 1.
 - new_chunks_are_fully_committed: 0.
 - uncommit_free_chunks: 1.
 - use_allocation_guard: 0.
 - handle_deallocations: 1.


Internal statistics:

num_allocs_failed_limit: 6.
num_arena_births: 398.
num_arena_deaths: 14.
num_vsnodes_births: 8.
num_vsnodes_deaths: 0.
num_space_committed: 902.
num_space_uncommitted: 0.
num_chunks_returned_to_freelist: 20.
num_chunks_taken_from_freelist: 2407.
num_chunk_merges: 10.
num_chunk_splits: 1505.
num_chunks_enlarged: 897.
num_purges: 2.
num_inconsistent_stats: 0.

CodeHeap 'non-profiled nmethods': size=120000Kb used=2620Kb max_used=2801Kb free=117379Kb
 bounds [0x000002a23f410000, 0x000002a23f6f0000, 0x000002a246940000]
CodeHeap 'profiled nmethods': size=120000Kb used=9914Kb max_used=11222Kb free=110085Kb
 bounds [0x000002a237940000, 0x000002a238460000, 0x000002a23ee70000]
CodeHeap 'non-nmethods': size=5760Kb used=1342Kb max_used=1388Kb free=4417Kb
 bounds [0x000002a23ee70000, 0x000002a23f0e0000, 0x000002a23f410000]
 total_blobs=5612 nmethods=4933 adapters=594
 compilation: enabled
              stopped_count=0, restarted_count=0
 full_count=0

Compilation events (20 events):
Event: 38.647 Thread 0x000002a248b29440 5858       1       java.nio.charset.Charset::name (5 bytes)
Event: 38.647 Thread 0x000002a248b29440 nmethod 5858 0x000002a23f436290 code [0x000002a23f436420, 0x000002a23f4364f8]
Event: 38.648 Thread 0x000002a248b29440 5859       3       java.lang.String::getBytes (25 bytes)
Event: 38.648 Thread 0x000002a248b29440 nmethod 5859 0x000002a237f47c10 code [0x000002a237f47de0, 0x000002a237f480b8]
Event: 38.655 Thread 0x000002a248b29440 5860       3       com.google.gson.stream.JsonWriter::value (24 bytes)
Event: 38.656 Thread 0x000002a248b29440 nmethod 5860 0x000002a237f47390 code [0x000002a237f47580, 0x000002a237f47948]
Event: 38.660 Thread 0x000002a248b29440 5861       3       jdk.internal.loader.BuiltinClassLoader$2::run (5 bytes)
Event: 38.661 Thread 0x000002a248b29440 nmethod 5861 0x000002a238191090 code [0x000002a238191240, 0x000002a238191388]
Event: 38.688 Thread 0x000002a248b29440 5862       3       com.google.gson.stream.JsonWriter::beforeName (47 bytes)
Event: 38.689 Thread 0x000002a248b29440 nmethod 5862 0x000002a237f2be10 code [0x000002a237f2c020, 0x000002a237f2c598]
Event: 38.689 Thread 0x000002a248b29440 5863       3       com.google.gson.internal.bind.TypeAdapterRuntimeTypeWrapper::write (80 bytes)
Event: 38.691 Thread 0x000002a248b29440 nmethod 5863 0x000002a237c64d90 code [0x000002a237c65000, 0x000002a237c65e58]
Event: 38.691 Thread 0x000002a248b29440 5864       3       com.google.gson.internal.bind.TypeAdapterRuntimeTypeWrapper::getRuntimeTypeIfMoreSpecific (25 bytes)
Event: 38.692 Thread 0x000002a248b29440 nmethod 5864 0x000002a238211a10 code [0x000002a238211bc0, 0x000002a238211f78]
Event: 38.722 Thread 0x000002a248b29440 5865       3       java.lang.StringLatin1::inflate (10 bytes)
Event: 38.723 Thread 0x000002a248b29440 nmethod 5865 0x000002a238247d10 code [0x000002a238247ea0, 0x000002a238247fa8]
Event: 38.783 Thread 0x000002a248b29440 5866       3       org.eclipse.core.internal.resources.ProjectPreferences::getLoadLevel (59 bytes)
Event: 38.784 Thread 0x000002a248b29440 nmethod 5866 0x000002a23822b490 code [0x000002a23822b680, 0x000002a23822bd18]
Event: 38.838 Thread 0x000002a248b29440 5867       3       java.lang.StringUTF16::newBytesFor (61 bytes)
Event: 38.840 Thread 0x000002a248b29440 nmethod 5867 0x000002a237b6fb10 code [0x000002a237b6fd80, 0x000002a237b706a8]

GC Heap History (20 events):
Event: 23.314 GC heap before
{Heap before GC invocations=17 (full 2):
 PSYoungGen      total 24064K, used 23373K [0x00000000eab00000, 0x00000000ec500000, 0x0000000100000000)
  eden space 22016K, 99% used [0x00000000eab00000,0x00000000ec050ea0,0x00000000ec080000)
  from space 2048K, 75% used [0x00000000ec300000,0x00000000ec482928,0x00000000ec500000)
  to   space 2048K, 0% used [0x00000000ec100000,0x00000000ec100000,0x00000000ec300000)
 ParOldGen       total 68608K, used 18074K [0x00000000c0000000, 0x00000000c4300000, 0x00000000eab00000)
  object space 68608K, 26% used [0x00000000c0000000,0x00000000c11a6938,0x00000000c4300000)
 Metaspace       used 50093K, committed 50880K, reserved 1097728K
  class space    used 5447K, committed 5824K, reserved 1048576K
}
Event: 23.322 GC heap after
{Heap after GC invocations=17 (full 2):
 PSYoungGen      total 24064K, used 1888K [0x00000000eab00000, 0x00000000ec480000, 0x0000000100000000)
  eden space 22016K, 0% used [0x00000000eab00000,0x00000000eab00000,0x00000000ec080000)
  from space 2048K, 92% used [0x00000000ec100000,0x00000000ec2d8020,0x00000000ec300000)
  to   space 1536K, 0% used [0x00000000ec300000,0x00000000ec300000,0x00000000ec480000)
 ParOldGen       total 68608K, used 19527K [0x00000000c0000000, 0x00000000c4300000, 0x00000000eab00000)
  object space 68608K, 28% used [0x00000000c0000000,0x00000000c1311ff0,0x00000000c4300000)
 Metaspace       used 50093K, committed 50880K, reserved 1097728K
  class space    used 5447K, committed 5824K, reserved 1048576K
}
Event: 24.178 GC heap before
{Heap before GC invocations=18 (full 2):
 PSYoungGen      total 24064K, used 23904K [0x00000000eab00000, 0x00000000ec480000, 0x0000000100000000)
  eden space 22016K, 100% used [0x00000000eab00000,0x00000000ec080000,0x00000000ec080000)
  from space 2048K, 92% used [0x00000000ec100000,0x00000000ec2d8020,0x00000000ec300000)
  to   space 1536K, 0% used [0x00000000ec300000,0x00000000ec300000,0x00000000ec480000)
 ParOldGen       total 68608K, used 19527K [0x00000000c0000000, 0x00000000c4300000, 0x00000000eab00000)
  object space 68608K, 28% used [0x00000000c0000000,0x00000000c1311ff0,0x00000000c4300000)
 Metaspace       used 50493K, committed 51328K, reserved 1097728K
  class space    used 5500K, committed 5888K, reserved 1048576K
}
Event: 24.187 GC heap after
{Heap after GC invocations=18 (full 2):
 PSYoungGen      total 22016K, used 1504K [0x00000000eab00000, 0x00000000ec880000, 0x0000000100000000)
  eden space 20480K, 0% used [0x00000000eab00000,0x00000000eab00000,0x00000000ebf00000)
  from space 1536K, 97% used [0x00000000ec300000,0x00000000ec478010,0x00000000ec480000)
  to   space 4096K, 0% used [0x00000000ebf00000,0x00000000ebf00000,0x00000000ec300000)
 ParOldGen       total 68608K, used 21385K [0x00000000c0000000, 0x00000000c4300000, 0x00000000eab00000)
  object space 68608K, 31% used [0x00000000c0000000,0x00000000c14e2638,0x00000000c4300000)
 Metaspace       used 50493K, committed 51328K, reserved 1097728K
  class space    used 5500K, committed 5888K, reserved 1048576K
}
Event: 24.740 GC heap before
{Heap before GC invocations=19 (full 2):
 PSYoungGen      total 22016K, used 21984K [0x00000000eab00000, 0x00000000ec880000, 0x0000000100000000)
  eden space 20480K, 100% used [0x00000000eab00000,0x00000000ebf00000,0x00000000ebf00000)
  from space 1536K, 97% used [0x00000000ec300000,0x00000000ec478010,0x00000000ec480000)
  to   space 4096K, 0% used [0x00000000ebf00000,0x00000000ebf00000,0x00000000ec300000)
 ParOldGen       total 68608K, used 21385K [0x00000000c0000000, 0x00000000c4300000, 0x00000000eab00000)
  object space 68608K, 31% used [0x00000000c0000000,0x00000000c14e2638,0x00000000c4300000)
 Metaspace       used 50676K, committed 51456K, reserved 1097728K
  class space    used 5530K, committed 5888K, reserved 1048576K
}
Event: 24.750 GC heap after
{Heap after GC invocations=19 (full 2):
 PSYoungGen      total 23040K, used 2272K [0x00000000eab00000, 0x00000000ec500000, 0x0000000100000000)
  eden space 20480K, 0% used [0x00000000eab00000,0x00000000eab00000,0x00000000ebf00000)
  from space 2560K, 88% used [0x00000000ebf00000,0x00000000ec138090,0x00000000ec180000)
  to   space 3072K, 0% used [0x00000000ec200000,0x00000000ec200000,0x00000000ec500000)
 ParOldGen       total 68608K, used 22894K [0x00000000c0000000, 0x00000000c4300000, 0x00000000eab00000)
  object space 68608K, 33% used [0x00000000c0000000,0x00000000c165b9a0,0x00000000c4300000)
 Metaspace       used 50676K, committed 51456K, reserved 1097728K
  class space    used 5530K, committed 5888K, reserved 1048576K
}
Event: 25.485 GC heap before
{Heap before GC invocations=20 (full 2):
 PSYoungGen      total 23040K, used 22752K [0x00000000eab00000, 0x00000000ec500000, 0x0000000100000000)
  eden space 20480K, 100% used [0x00000000eab00000,0x00000000ebf00000,0x00000000ebf00000)
  from space 2560K, 88% used [0x00000000ebf00000,0x00000000ec138090,0x00000000ec180000)
  to   space 3072K, 0% used [0x00000000ec200000,0x00000000ec200000,0x00000000ec500000)
 ParOldGen       total 68608K, used 22894K [0x00000000c0000000, 0x00000000c4300000, 0x00000000eab00000)
  object space 68608K, 33% used [0x00000000c0000000,0x00000000c165b9a0,0x00000000c4300000)
 Metaspace       used 50892K, committed 51776K, reserved 1097728K
  class space    used 5571K, committed 5952K, reserved 1048576K
}
Event: 25.494 GC heap after
{Heap after GC invocations=20 (full 2):
 PSYoungGen      total 22528K, used 1900K [0x00000000eab00000, 0x00000000ec400000, 0x0000000100000000)
  eden space 20480K, 0% used [0x00000000eab00000,0x00000000eab00000,0x00000000ebf00000)
  from space 2048K, 92% used [0x00000000ec200000,0x00000000ec3db398,0x00000000ec400000)
  to   space 2560K, 0% used [0x00000000ebf00000,0x00000000ebf00000,0x00000000ec180000)
 ParOldGen       total 68608K, used 25077K [0x00000000c0000000, 0x00000000c4300000, 0x00000000eab00000)
  object space 68608K, 36% used [0x00000000c0000000,0x00000000c187d708,0x00000000c4300000)
 Metaspace       used 50892K, committed 51776K, reserved 1097728K
  class space    used 5571K, committed 5952K, reserved 1048576K
}
Event: 25.703 GC heap before
{Heap before GC invocations=21 (full 2):
 PSYoungGen      total 22528K, used 22380K [0x00000000eab00000, 0x00000000ec400000, 0x0000000100000000)
  eden space 20480K, 100% used [0x00000000eab00000,0x00000000ebf00000,0x00000000ebf00000)
  from space 2048K, 92% used [0x00000000ec200000,0x00000000ec3db398,0x00000000ec400000)
  to   space 2560K, 0% used [0x00000000ebf00000,0x00000000ebf00000,0x00000000ec180000)
 ParOldGen       total 68608K, used 25077K [0x00000000c0000000, 0x00000000c4300000, 0x00000000eab00000)
  object space 68608K, 36% used [0x00000000c0000000,0x00000000c187d708,0x00000000c4300000)
 Metaspace       used 50935K, committed 51776K, reserved 1097728K
  class space    used 5575K, committed 5952K, reserved 1048576K
}
Event: 25.717 GC heap after
{Heap after GC invocations=21 (full 2):
 PSYoungGen      total 23040K, used 2528K [0x00000000eab00000, 0x00000000ec900000, 0x0000000100000000)
  eden space 20480K, 0% used [0x00000000eab00000,0x00000000eab00000,0x00000000ebf00000)
  from space 2560K, 98% used [0x00000000ebf00000,0x00000000ec178010,0x00000000ec180000)
  to   space 5120K, 0% used [0x00000000ec400000,0x00000000ec400000,0x00000000ec900000)
 ParOldGen       total 68608K, used 26821K [0x00000000c0000000, 0x00000000c4300000, 0x00000000eab00000)
  object space 68608K, 39% used [0x00000000c0000000,0x00000000c1a31708,0x00000000c4300000)
 Metaspace       used 50935K, committed 51776K, reserved 1097728K
  class space    used 5575K, committed 5952K, reserved 1048576K
}
Event: 26.091 GC heap before
{Heap before GC invocations=22 (full 2):
 PSYoungGen      total 23040K, used 23008K [0x00000000eab00000, 0x00000000ec900000, 0x0000000100000000)
  eden space 20480K, 100% used [0x00000000eab00000,0x00000000ebf00000,0x00000000ebf00000)
  from space 2560K, 98% used [0x00000000ebf00000,0x00000000ec178010,0x00000000ec180000)
  to   space 5120K, 0% used [0x00000000ec400000,0x00000000ec400000,0x00000000ec900000)
 ParOldGen       total 68608K, used 26821K [0x00000000c0000000, 0x00000000c4300000, 0x00000000eab00000)
  object space 68608K, 39% used [0x00000000c0000000,0x00000000c1a31708,0x00000000c4300000)
 Metaspace       used 51075K, committed 51904K, reserved 1097728K
  class space    used 5583K, committed 5952K, reserved 1048576K
}
Event: 26.104 GC heap after
{Heap after GC invocations=22 (full 2):
 PSYoungGen      total 23040K, used 2464K [0x00000000eab00000, 0x00000000ec680000, 0x0000000100000000)
  eden space 20480K, 0% used [0x00000000eab00000,0x00000000eab00000,0x00000000ebf00000)
  from space 2560K, 96% used [0x00000000ec400000,0x00000000ec668000,0x00000000ec680000)
  to   space 3584K, 0% used [0x00000000ebf80000,0x00000000ebf80000,0x00000000ec300000)
 ParOldGen       total 68608K, used 29357K [0x00000000c0000000, 0x00000000c4300000, 0x00000000eab00000)
  object space 68608K, 42% used [0x00000000c0000000,0x00000000c1cab718,0x00000000c4300000)
 Metaspace       used 51075K, committed 51904K, reserved 1097728K
  class space    used 5583K, committed 5952K, reserved 1048576K
}
Event: 30.695 GC heap before
{Heap before GC invocations=23 (full 2):
 PSYoungGen      total 23040K, used 22944K [0x00000000eab00000, 0x00000000ec680000, 0x0000000100000000)
  eden space 20480K, 100% used [0x00000000eab00000,0x00000000ebf00000,0x00000000ebf00000)
  from space 2560K, 96% used [0x00000000ec400000,0x00000000ec668000,0x00000000ec680000)
  to   space 3584K, 0% used [0x00000000ebf80000,0x00000000ebf80000,0x00000000ec300000)
 ParOldGen       total 68608K, used 29357K [0x00000000c0000000, 0x00000000c4300000, 0x00000000eab00000)
  object space 68608K, 42% used [0x00000000c0000000,0x00000000c1cab718,0x00000000c4300000)
 Metaspace       used 53498K, committed 54336K, reserved 1097728K
  class space    used 5844K, committed 6208K, reserved 1048576K
}
Event: 30.704 GC heap after
{Heap after GC invocations=23 (full 2):
 PSYoungGen      total 24064K, used 646K [0x00000000eab00000, 0x00000000ec480000, 0x0000000100000000)
  eden space 20480K, 0% used [0x00000000eab00000,0x00000000eab00000,0x00000000ebf00000)
  from space 3584K, 18% used [0x00000000ebf80000,0x00000000ec021ab0,0x00000000ec300000)
  to   space 1536K, 0% used [0x00000000ec300000,0x00000000ec300000,0x00000000ec480000)
 ParOldGen       total 68608K, used 31739K [0x00000000c0000000, 0x00000000c4300000, 0x00000000eab00000)
  object space 68608K, 46% used [0x00000000c0000000,0x00000000c1efef98,0x00000000c4300000)
 Metaspace       used 53498K, committed 54336K, reserved 1097728K
  class space    used 5844K, committed 6208K, reserved 1048576K
}
Event: 34.537 GC heap before
{Heap before GC invocations=24 (full 2):
 PSYoungGen      total 24064K, used 21092K [0x00000000eab00000, 0x00000000ec480000, 0x0000000100000000)
  eden space 20480K, 99% used [0x00000000eab00000,0x00000000ebef7788,0x00000000ebf00000)
  from space 3584K, 18% used [0x00000000ebf80000,0x00000000ec021ab0,0x00000000ec300000)
  to   space 1536K, 0% used [0x00000000ec300000,0x00000000ec300000,0x00000000ec480000)
 ParOldGen       total 68608K, used 31739K [0x00000000c0000000, 0x00000000c4300000, 0x00000000eab00000)
  object space 68608K, 46% used [0x00000000c0000000,0x00000000c1efef98,0x00000000c4300000)
 Metaspace       used 54615K, committed 55424K, reserved 1105920K
  class space    used 5964K, committed 6336K, reserved 1048576K
}
Event: 34.541 GC heap after
{Heap after GC invocations=24 (full 2):
 PSYoungGen      total 22016K, used 1336K [0x00000000eab00000, 0x00000000ec480000, 0x0000000100000000)
  eden space 20480K, 0% used [0x00000000eab00000,0x00000000eab00000,0x00000000ebf00000)
  from space 1536K, 87% used [0x00000000ec300000,0x00000000ec44e2a0,0x00000000ec480000)
  to   space 1536K, 0% used [0x00000000ec180000,0x00000000ec180000,0x00000000ec300000)
 ParOldGen       total 68608K, used 32297K [0x00000000c0000000, 0x00000000c4300000, 0x00000000eab00000)
  object space 68608K, 47% used [0x00000000c0000000,0x00000000c1f8a6c8,0x00000000c4300000)
 Metaspace       used 54615K, committed 55424K, reserved 1105920K
  class space    used 5964K, committed 6336K, reserved 1048576K
}
Event: 35.414 GC heap before
{Heap before GC invocations=25 (full 2):
 PSYoungGen      total 22016K, used 21816K [0x00000000eab00000, 0x00000000ec480000, 0x0000000100000000)
  eden space 20480K, 100% used [0x00000000eab00000,0x00000000ebf00000,0x00000000ebf00000)
  from space 1536K, 87% used [0x00000000ec300000,0x00000000ec44e2a0,0x00000000ec480000)
  to   space 1536K, 0% used [0x00000000ec180000,0x00000000ec180000,0x00000000ec300000)
 ParOldGen       total 68608K, used 32297K [0x00000000c0000000, 0x00000000c4300000, 0x00000000eab00000)
  object space 68608K, 47% used [0x00000000c0000000,0x00000000c1f8a6c8,0x00000000c4300000)
 Metaspace       used 54678K, committed 55488K, reserved 1105920K
  class space    used 5967K, committed 6336K, reserved 1048576K
}
Event: 35.417 GC heap after
{Heap after GC invocations=25 (full 2):
 PSYoungGen      total 21504K, used 830K [0x00000000eab00000, 0x00000000ec380000, 0x0000000100000000)
  eden space 20480K, 0% used [0x00000000eab00000,0x00000000eab00000,0x00000000ebf00000)
  from space 1024K, 81% used [0x00000000ec180000,0x00000000ec24fb28,0x00000000ec280000)
  to   space 1024K, 0% used [0x00000000ec280000,0x00000000ec280000,0x00000000ec380000)
 ParOldGen       total 68608K, used 32890K [0x00000000c0000000, 0x00000000c4300000, 0x00000000eab00000)
  object space 68608K, 47% used [0x00000000c0000000,0x00000000c201e848,0x00000000c4300000)
 Metaspace       used 54678K, committed 55488K, reserved 1105920K
  class space    used 5967K, committed 6336K, reserved 1048576K
}
Event: 38.516 GC heap before
{Heap before GC invocations=26 (full 2):
 PSYoungGen      total 21504K, used 21310K [0x00000000eab00000, 0x00000000ec380000, 0x0000000100000000)
  eden space 20480K, 100% used [0x00000000eab00000,0x00000000ebf00000,0x00000000ebf00000)
  from space 1024K, 81% used [0x00000000ec180000,0x00000000ec24fb28,0x00000000ec280000)
  to   space 1024K, 0% used [0x00000000ec280000,0x00000000ec280000,0x00000000ec380000)
 ParOldGen       total 68608K, used 32890K [0x00000000c0000000, 0x00000000c4300000, 0x00000000eab00000)
  object space 68608K, 47% used [0x00000000c0000000,0x00000000c201e848,0x00000000c4300000)
 Metaspace       used 56305K, committed 57088K, reserved 1105920K
  class space    used 6133K, committed 6464K, reserved 1048576K
}
Event: 38.518 GC heap after
{Heap after GC invocations=26 (full 2):
 PSYoungGen      total 20992K, used 375K [0x00000000eab00000, 0x00000000ec300000, 0x0000000100000000)
  eden space 20480K, 0% used [0x00000000eab00000,0x00000000eab00000,0x00000000ebf00000)
  from space 512K, 73% used [0x00000000ec280000,0x00000000ec2ddf50,0x00000000ec300000)
  to   space 1024K, 0% used [0x00000000ec100000,0x00000000ec100000,0x00000000ec200000)
 ParOldGen       total 68608K, used 32922K [0x00000000c0000000, 0x00000000c4300000, 0x00000000eab00000)
  object space 68608K, 47% used [0x00000000c0000000,0x00000000c2026848,0x00000000c4300000)
 Metaspace       used 56305K, committed 57088K, reserved 1105920K
  class space    used 6133K, committed 6464K, reserved 1048576K
}

Dll operation events (11 events):
Event: 0.025 Loaded shared library c:\Users\PALLADIN\.vscode\extensions\redhat.java-1.16.0-win32-x64\jre\17.0.6-win32-x86_64\bin\java.dll
Event: 0.779 Loaded shared library c:\Users\PALLADIN\.vscode\extensions\redhat.java-1.16.0-win32-x64\jre\17.0.6-win32-x86_64\bin\zip.dll
Event: 0.787 Loaded shared library C:\Users\PALLADIN\.vscode\extensions\redhat.java-1.16.0-win32-x64\jre\17.0.6-win32-x86_64\bin\instrument.dll
Event: 0.867 Loaded shared library C:\Users\PALLADIN\.vscode\extensions\redhat.java-1.16.0-win32-x64\jre\17.0.6-win32-x86_64\bin\net.dll
Event: 0.902 Loaded shared library C:\Users\PALLADIN\.vscode\extensions\redhat.java-1.16.0-win32-x64\jre\17.0.6-win32-x86_64\bin\nio.dll
Event: 0.970 Loaded shared library C:\Users\PALLADIN\.vscode\extensions\redhat.java-1.16.0-win32-x64\jre\17.0.6-win32-x86_64\bin\zip.dll
Event: 1.081 Loaded shared library C:\Users\PALLADIN\.vscode\extensions\redhat.java-1.16.0-win32-x64\jre\17.0.6-win32-x86_64\bin\jimage.dll
Event: 1.277 Loaded shared library c:\Users\PALLADIN\.vscode\extensions\redhat.java-1.16.0-win32-x64\jre\17.0.6-win32-x86_64\bin\verify.dll
Event: 5.864 Loaded shared library C:\Users\PALLADIN\AppData\Roaming\Code\User\globalStorage\redhat.java\1.16.0\config_win\org.eclipse.equinox.launcher\org.eclipse.equinox.launcher.win32.win32.x86_64_1.2.700.v20221108-1024\eclipse_11801.dll
Event: 14.397 Loaded shared library C:\Users\PALLADIN\AppData\Local\Temp\jna-1792077625\jna1195230152783925355.dll
Event: 21.186 Loaded shared library C:\Users\PALLADIN\.vscode\extensions\redhat.java-1.16.0-win32-x64\jre\17.0.6-win32-x86_64\bin\sunmscapi.dll

Deoptimization events (20 events):
Event: 38.428 Thread 0x000002a24aadd240 Uncommon trap: trap_request=0xffffffbe fr.pc=0x000002a23f5e8478 relative=0x00000000000006f8
Event: 38.428 Thread 0x000002a24aadd240 Uncommon trap: reason=profile_predicate action=maybe_recompile pc=0x000002a23f5e8478 method=java.util.TreeMap.getEntryUsingComparator(Ljava/lang/Object;)Ljava/util/TreeMap$Entry; @ 19 c2
Event: 38.428 Thread 0x000002a24aadd240 DEOPT PACKING pc=0x000002a23f5e8478 sp=0x000000ae29cfdb20
Event: 38.428 Thread 0x000002a24aadd240 DEOPT UNPACKING pc=0x000002a23eec669d sp=0x000000ae29cfdac0 mode 2
Event: 38.428 Thread 0x000002a24aadd240 Uncommon trap: trap_request=0xffffffbe fr.pc=0x000002a23f5e8478 relative=0x00000000000006f8
Event: 38.428 Thread 0x000002a24aadd240 Uncommon trap: reason=profile_predicate action=maybe_recompile pc=0x000002a23f5e8478 method=java.util.TreeMap.getEntryUsingComparator(Ljava/lang/Object;)Ljava/util/TreeMap$Entry; @ 19 c2
Event: 38.428 Thread 0x000002a24aadd240 DEOPT PACKING pc=0x000002a23f5e8478 sp=0x000000ae29cfdb20
Event: 38.428 Thread 0x000002a24aadd240 DEOPT UNPACKING pc=0x000002a23eec669d sp=0x000000ae29cfdac0 mode 2
Event: 38.687 Thread 0x000002a24aadea50 Uncommon trap: trap_request=0xffffffde fr.pc=0x000002a23f61d748 relative=0x0000000000000128
Event: 38.687 Thread 0x000002a24aadea50 Uncommon trap: reason=class_check action=maybe_recompile pc=0x000002a23f61d748 method=java.util.ArrayList$ArrayListSpliterator.tryAdvance(Ljava/util/function/Consumer;)Z @ 48 c2
Event: 38.687 Thread 0x000002a24aadea50 DEOPT PACKING pc=0x000002a23f61d748 sp=0x000000ae2a1fef60
Event: 38.687 Thread 0x000002a24aadea50 DEOPT UNPACKING pc=0x000002a23eec669d sp=0x000000ae2a1feef0 mode 2
Event: 38.687 Thread 0x000002a24aadea50 Uncommon trap: trap_request=0xffffffde fr.pc=0x000002a23f61d748 relative=0x0000000000000128
Event: 38.687 Thread 0x000002a24aadea50 Uncommon trap: reason=class_check action=maybe_recompile pc=0x000002a23f61d748 method=java.util.ArrayList$ArrayListSpliterator.tryAdvance(Ljava/util/function/Consumer;)Z @ 48 c2
Event: 38.687 Thread 0x000002a24aadea50 DEOPT PACKING pc=0x000002a23f61d748 sp=0x000000ae2a1fef60
Event: 38.687 Thread 0x000002a24aadea50 DEOPT UNPACKING pc=0x000002a23eec669d sp=0x000000ae2a1feef0 mode 2
Event: 38.687 Thread 0x000002a24aadea50 Uncommon trap: trap_request=0xffffffde fr.pc=0x000002a23f61d748 relative=0x0000000000000128
Event: 38.687 Thread 0x000002a24aadea50 Uncommon trap: reason=class_check action=maybe_recompile pc=0x000002a23f61d748 method=java.util.ArrayList$ArrayListSpliterator.tryAdvance(Ljava/util/function/Consumer;)Z @ 48 c2
Event: 38.687 Thread 0x000002a24aadea50 DEOPT PACKING pc=0x000002a23f61d748 sp=0x000000ae2a1fef60
Event: 38.687 Thread 0x000002a24aadea50 DEOPT UNPACKING pc=0x000002a23eec669d sp=0x000000ae2a1feef0 mode 2

Classes unloaded (7 events):
Event: 8.985 Thread 0x000002a248abe6d0 Unloading class 0x0000000100216400 'java/lang/invoke/LambdaForm$MH+0x0000000100216400'
Event: 8.985 Thread 0x000002a248abe6d0 Unloading class 0x0000000100216000 'java/lang/invoke/LambdaForm$MH+0x0000000100216000'
Event: 8.985 Thread 0x000002a248abe6d0 Unloading class 0x0000000100215c00 'java/lang/invoke/LambdaForm$MH+0x0000000100215c00'
Event: 8.985 Thread 0x000002a248abe6d0 Unloading class 0x0000000100215400 'java/lang/invoke/LambdaForm$MH+0x0000000100215400'
Event: 8.985 Thread 0x000002a248abe6d0 Unloading class 0x0000000100215000 'java/lang/invoke/LambdaForm$BMH+0x0000000100215000'
Event: 8.985 Thread 0x000002a248abe6d0 Unloading class 0x0000000100214c00 'java/lang/invoke/LambdaForm$DMH+0x0000000100214c00'
Event: 8.985 Thread 0x000002a248abe6d0 Unloading class 0x0000000100212000 'java/lang/invoke/LambdaForm$DMH+0x0000000100212000'

Classes redefined (0 events):
No events

Internal exceptions (20 events):
Event: 19.893 Thread 0x000002a24aadea50 Exception <a 'java/lang/IncompatibleClassChangeError'{0x00000000ead30178}: Found class java.lang.Object, but interface was expected> (0x00000000ead30178) 
thrown [s\src\hotspot\share\interpreter\linkResolver.cpp, line 826]
Event: 20.583 Thread 0x000002a24aadea50 Exception <a 'java/lang/NoSuchMethodError'{0x00000000eb5f3e38}: 'java.lang.Object java.lang.invoke.Invokers$Holder.invoke_MT(java.lang.Object, java.lang.Object, java.lang.Object)'> (0x00000000eb5f3e38) 
thrown [s\src\hotspot\share\interpreter\linkResolver.cpp, line 759]
Event: 22.689 Thread 0x000002a24aadea50 Exception <a 'java/io/FileNotFoundException'{0x00000000eb11d510}> (0x00000000eb11d510) 
thrown [s\src\hotspot\share\prims\jni.cpp, line 516]
Event: 22.691 Thread 0x000002a24aadea50 Exception <a 'java/io/FileNotFoundException'{0x00000000eb11f418}> (0x00000000eb11f418) 
thrown [s\src\hotspot\share\prims\jni.cpp, line 516]
Event: 22.695 Thread 0x000002a24aadea50 Exception <a 'java/lang/NoSuchMethodError'{0x00000000eb12baa0}: 'void java.lang.invoke.DirectMethodHandle$Holder.invokeStaticInit(java.lang.Object, java.lang.Object, java.lang.Object)'> (0x00000000eb12baa0) 
thrown [s\src\hotspot\share\interpreter\linkResolver.cpp, line 759]
Event: 22.954 Thread 0x000002a24aade580 Implicit null exception at 0x000002a23f5e8eb8 to 0x000002a23f5e9618
Event: 26.148 Thread 0x000002a24aadea50 Exception <a 'sun/nio/fs/WindowsException'{0x00000000eab6f220}> (0x00000000eab6f220) 
thrown [s\src\hotspot\share\prims\jni.cpp, line 516]
Event: 26.149 Thread 0x000002a24aadea50 Exception <a 'sun/nio/fs/WindowsException'{0x00000000eab6fbf8}> (0x00000000eab6fbf8) 
thrown [s\src\hotspot\share\prims\jni.cpp, line 516]
Event: 26.149 Thread 0x000002a24aadea50 Exception <a 'sun/nio/fs/WindowsException'{0x00000000eab705d0}> (0x00000000eab705d0) 
thrown [s\src\hotspot\share\prims\jni.cpp, line 516]
Event: 26.149 Thread 0x000002a24aadea50 Exception <a 'sun/nio/fs/WindowsException'{0x00000000eab70fc8}> (0x00000000eab70fc8) 
thrown [s\src\hotspot\share\prims\jni.cpp, line 516]
Event: 26.181 Thread 0x000002a24aadea50 Exception <a 'sun/nio/fs/WindowsException'{0x00000000eab776d8}> (0x00000000eab776d8) 
thrown [s\src\hotspot\share\prims\jni.cpp, line 516]
Event: 26.188 Thread 0x000002a24aadea50 Exception <a 'sun/nio/fs/WindowsException'{0x00000000eab7e470}> (0x00000000eab7e470) 
thrown [s\src\hotspot\share\prims\jni.cpp, line 516]
Event: 33.950 Thread 0x000002a24aadea50 Exception <a 'java/lang/NoClassDefFoundError'{0x00000000eba86088}: org/eclipse/core/runtime/IPath> (0x00000000eba86088) 
thrown [s\src\hotspot\share\classfile\systemDictionary.cpp, line 245]
Event: 38.147 Thread 0x000002a24aadea50 Exception <a 'sun/nio/fs/WindowsException'{0x00000000ebc71af0}> (0x00000000ebc71af0) 
thrown [s\src\hotspot\share\prims\jni.cpp, line 516]
Event: 38.156 Thread 0x000002a24aadea50 Exception <a 'sun/nio/fs/WindowsException'{0x00000000ebc8a448}> (0x00000000ebc8a448) 
thrown [s\src\hotspot\share\prims\jni.cpp, line 516]
Event: 38.164 Thread 0x000002a24aade580 Exception <a 'java/lang/NoSuchMethodError'{0x00000000ebca9650}: 'int java.lang.invoke.DirectMethodHandle$Holder.invokeVirtual(java.lang.Object, java.lang.Object)'> (0x00000000ebca9650) 
thrown [s\src\hotspot\share\interpreter\linkResolver.cpp, line 759]
Event: 38.166 Thread 0x000002a24aadcd70 Exception <a 'java/lang/NoSuchMethodError'{0x00000000ebc965b8}: 'int java.lang.invoke.DirectMethodHandle$Holder.invokeVirtual(java.lang.Object, java.lang.Object)'> (0x00000000ebc965b8) 
thrown [s\src\hotspot\share\interpreter\linkResolver.cpp, line 759]
Event: 38.405 Thread 0x000002a24aadd240 Exception <a 'java/lang/NoSuchMethodError'{0x00000000ebeab980}: 'java.lang.Object java.lang.invoke.DirectMethodHandle$Holder.invokeInterface(java.lang.Object, java.lang.Object, java.lang.Object)'> (0x00000000ebeab980) 
thrown [s\src\hotspot\share\interpreter\linkResolver.cpp, line 759]
Event: 38.519 Thread 0x000002a24aadcd70 Exception <a 'java/io/FileNotFoundException'{0x00000000eab00ee8}> (0x00000000eab00ee8) 
thrown [s\src\hotspot\share\prims\jni.cpp, line 516]
Event: 38.520 Thread 0x000002a24aadcd70 Exception <a 'java/io/FileNotFoundException'{0x00000000eab02840}> (0x00000000eab02840) 
thrown [s\src\hotspot\share\prims\jni.cpp, line 516]

VM Operations (20 events):
Event: 31.708 Executing VM operation: Cleanup
Event: 31.708 Executing VM operation: Cleanup done
Event: 32.717 Executing VM operation: Cleanup
Event: 32.717 Executing VM operation: Cleanup done
Event: 33.726 Executing VM operation: Cleanup
Event: 33.726 Executing VM operation: Cleanup done
Event: 34.537 Executing VM operation: ParallelGCFailedAllocation
Event: 34.541 Executing VM operation: ParallelGCFailedAllocation done
Event: 35.413 Executing VM operation: ParallelGCFailedAllocation
Event: 35.417 Executing VM operation: ParallelGCFailedAllocation done
Event: 36.420 Executing VM operation: Cleanup
Event: 36.420 Executing VM operation: Cleanup done
Event: 37.427 Executing VM operation: Cleanup
Event: 37.523 Executing VM operation: Cleanup done
Event: 38.446 Executing VM operation: ParallelGCFailedAllocation
Event: 38.518 Executing VM operation: ParallelGCFailedAllocation done
Event: 38.551 Executing VM operation: HandshakeAllThreads
Event: 38.551 Executing VM operation: HandshakeAllThreads done
Event: 38.555 Executing VM operation: HandshakeAllThreads
Event: 38.555 Executing VM operation: HandshakeAllThreads done

Events (20 events):
Event: 38.168 loading class java/util/stream/SortedOps$SizedRefSortingSink
Event: 38.169 loading class java/util/stream/SortedOps$SizedRefSortingSink done
Event: 38.258 loading class java/io/DataOutputStream
Event: 38.259 loading class java/io/DataOutputStream done
Event: 38.269 loading class java/util/ArrayDeque$DeqSpliterator
Event: 38.269 loading class java/util/ArrayDeque$DeqSpliterator done
Event: 38.439 loading class java/util/regex/PatternSyntaxException
Event: 38.439 loading class java/util/regex/PatternSyntaxException done
Event: 38.623 loading class java/util/Collections$SynchronizedRandomAccessList
Event: 38.623 loading class java/util/Collections$SynchronizedList
Event: 38.624 loading class java/util/Collections$SynchronizedList done
Event: 38.624 loading class java/util/Collections$SynchronizedRandomAccessList done
Event: 38.655 loading class java/nio/charset/CharacterCodingException
Event: 38.656 loading class java/nio/charset/CharacterCodingException done
Event: 38.656 loading class java/io/SequenceInputStream
Event: 38.656 loading class java/io/SequenceInputStream done
Event: 38.691 loading class java/util/concurrent/CompletableFuture$Signaller
Event: 38.693 loading class java/util/concurrent/CompletableFuture$Signaller done
Event: 38.693 loading class java/util/concurrent/ForkJoinTask$Aux
Event: 38.694 loading class java/util/concurrent/ForkJoinTask$Aux done


Dynamic libraries:
0x00007ff6d67f0000 - 0x00007ff6d67fe000 	c:\Users\PALLADIN\.vscode\extensions\redhat.java-1.16.0-win32-x64\jre\17.0.6-win32-x86_64\bin\java.exe
0x00007ffa6c310000 - 0x00007ffa6c508000 	C:\WINDOWS\SYSTEM32\ntdll.dll
0x00007ffa6a490000 - 0x00007ffa6a54f000 	C:\WINDOWS\System32\KERNEL32.DLL
0x00007ffa69ce0000 - 0x00007ffa69fb2000 	C:\WINDOWS\System32\KERNELBASE.dll
0x00007ffa69ff0000 - 0x00007ffa6a0f0000 	C:\WINDOWS\System32\ucrtbase.dll
0x00007ffa59a70000 - 0x00007ffa59a87000 	c:\Users\PALLADIN\.vscode\extensions\redhat.java-1.16.0-win32-x64\jre\17.0.6-win32-x86_64\bin\jli.dll
0x00007ffa59a90000 - 0x00007ffa59aa9000 	c:\Users\PALLADIN\.vscode\extensions\redhat.java-1.16.0-win32-x64\jre\17.0.6-win32-x86_64\bin\VCRUNTIME140.dll
0x00007ffa6bcd0000 - 0x00007ffa6be71000 	C:\WINDOWS\System32\USER32.dll
0x00007ffa58cb0000 - 0x00007ffa58f4a000 	C:\WINDOWS\WinSxS\amd64_microsoft.windows.common-controls_6595b64144ccf1df_6.0.19041.1110_none_60b5254171f9507e\COMCTL32.dll
0x00007ffa6a320000 - 0x00007ffa6a342000 	C:\WINDOWS\System32\win32u.dll
0x00007ffa6c230000 - 0x00007ffa6c2ce000 	C:\WINDOWS\System32\msvcrt.dll
0x00007ffa6c070000 - 0x00007ffa6c09b000 	C:\WINDOWS\System32\GDI32.dll
0x00007ffa69a00000 - 0x00007ffa69b0f000 	C:\WINDOWS\System32\gdi32full.dll
0x00007ffa6a230000 - 0x00007ffa6a2cd000 	C:\WINDOWS\System32\msvcp_win.dll
0x00007ffa6b710000 - 0x00007ffa6b742000 	C:\WINDOWS\System32\IMM32.DLL
0x00007ffa60310000 - 0x00007ffa6031c000 	c:\Users\PALLADIN\.vscode\extensions\redhat.java-1.16.0-win32-x64\jre\17.0.6-win32-x86_64\bin\vcruntime140_1.dll
0x00007ffa55010000 - 0x00007ffa550a1000 	c:\Users\PALLADIN\.vscode\extensions\redhat.java-1.16.0-win32-x64\jre\17.0.6-win32-x86_64\bin\msvcp140.dll
0x00007ffa1c610000 - 0x00007ffa1d257000 	c:\Users\PALLADIN\.vscode\extensions\redhat.java-1.16.0-win32-x64\jre\17.0.6-win32-x86_64\bin\server\jvm.dll
0x00007ffa6afb0000 - 0x00007ffa6b05e000 	C:\WINDOWS\System32\ADVAPI32.dll
0x00007ffa6b810000 - 0x00007ffa6b8ac000 	C:\WINDOWS\System32\sechost.dll
0x00007ffa6a360000 - 0x00007ffa6a485000 	C:\WINDOWS\System32\RPCRT4.dll
0x00007ffa63e10000 - 0x00007ffa63e19000 	C:\WINDOWS\SYSTEM32\WSOCK32.dll
0x00007ffa5b820000 - 0x00007ffa5b847000 	C:\WINDOWS\SYSTEM32\WINMM.dll
0x00007ffa5ba00000 - 0x00007ffa5ba0a000 	C:\WINDOWS\SYSTEM32\VERSION.dll
0x00007ffa6ae00000 - 0x00007ffa6ae6b000 	C:\WINDOWS\System32\WS2_32.dll
0x00007ffa678c0000 - 0x00007ffa678d2000 	C:\WINDOWS\SYSTEM32\kernel.appcore.dll
0x00007ffa586a0000 - 0x00007ffa586aa000 	c:\Users\PALLADIN\.vscode\extensions\redhat.java-1.16.0-win32-x64\jre\17.0.6-win32-x86_64\bin\jimage.dll
0x00007ffa55ab0000 - 0x00007ffa55c94000 	C:\WINDOWS\SYSTEM32\DBGHELP.DLL
0x00007ffa55a10000 - 0x00007ffa55a45000 	C:\WINDOWS\SYSTEM32\dbgcore.DLL
0x00007ffa6a0f0000 - 0x00007ffa6a172000 	C:\WINDOWS\System32\bcryptPrimitives.dll
0x00007ffa58690000 - 0x00007ffa5869e000 	c:\Users\PALLADIN\.vscode\extensions\redhat.java-1.16.0-win32-x64\jre\17.0.6-win32-x86_64\bin\instrument.dll
0x00007ffa58110000 - 0x00007ffa58135000 	c:\Users\PALLADIN\.vscode\extensions\redhat.java-1.16.0-win32-x64\jre\17.0.6-win32-x86_64\bin\java.dll
0x00007ffa58640000 - 0x00007ffa58658000 	c:\Users\PALLADIN\.vscode\extensions\redhat.java-1.16.0-win32-x64\jre\17.0.6-win32-x86_64\bin\zip.dll
0x00007ffa6a630000 - 0x00007ffa6ad74000 	C:\WINDOWS\System32\SHELL32.dll
0x00007ffa67ac0000 - 0x00007ffa68252000 	C:\WINDOWS\SYSTEM32\windows.storage.dll
0x00007ffa6b970000 - 0x00007ffa6bcc5000 	C:\WINDOWS\System32\combase.dll
0x00007ffa69380000 - 0x00007ffa693b0000 	C:\WINDOWS\SYSTEM32\Wldp.dll
0x00007ffa6c180000 - 0x00007ffa6c22d000 	C:\WINDOWS\System32\SHCORE.dll
0x00007ffa6c100000 - 0x00007ffa6c155000 	C:\WINDOWS\System32\shlwapi.dll
0x00007ffa69940000 - 0x00007ffa6995f000 	C:\WINDOWS\SYSTEM32\profapi.dll
0x00007ffa584e0000 - 0x00007ffa584f9000 	C:\Users\PALLADIN\.vscode\extensions\redhat.java-1.16.0-win32-x64\jre\17.0.6-win32-x86_64\bin\net.dll
0x00007ffa5b170000 - 0x00007ffa5b27c000 	C:\WINDOWS\SYSTEM32\WINHTTP.dll
0x00007ffa690e0000 - 0x00007ffa6914a000 	C:\WINDOWS\system32\mswsock.dll
0x00007ffa57f20000 - 0x00007ffa57f35000 	C:\Users\PALLADIN\.vscode\extensions\redhat.java-1.16.0-win32-x64\jre\17.0.6-win32-x86_64\bin\nio.dll
0x00007ffa58680000 - 0x00007ffa58690000 	c:\Users\PALLADIN\.vscode\extensions\redhat.java-1.16.0-win32-x64\jre\17.0.6-win32-x86_64\bin\verify.dll
0x00007ffa57b00000 - 0x00007ffa57b3e000 	C:\Users\PALLADIN\AppData\Roaming\Code\User\globalStorage\redhat.java\1.16.0\config_win\org.eclipse.equinox.launcher\org.eclipse.equinox.launcher.win32.win32.x86_64_1.2.700.v20221108-1024\eclipse_11801.dll
0x00007ffa6ae70000 - 0x00007ffa6af9a000 	C:\WINDOWS\System32\ole32.dll
0x00007ffa692d0000 - 0x00007ffa692e8000 	C:\WINDOWS\SYSTEM32\CRYPTSP.dll
0x00007ffa68a00000 - 0x00007ffa68a34000 	C:\WINDOWS\system32\rsaenh.dll
0x00007ffa69fc0000 - 0x00007ffa69fe7000 	C:\WINDOWS\System32\bcrypt.dll
0x00007ffa69900000 - 0x00007ffa6992e000 	C:\WINDOWS\SYSTEM32\USERENV.dll
0x00007ffa692f0000 - 0x00007ffa692fc000 	C:\WINDOWS\SYSTEM32\CRYPTBASE.dll
0x00007ffa68dd0000 - 0x00007ffa68e0b000 	C:\WINDOWS\SYSTEM32\IPHLPAPI.DLL
0x00007ffa6afa0000 - 0x00007ffa6afa8000 	C:\WINDOWS\System32\NSI.dll
0x00007ffa5b5e0000 - 0x00007ffa5b5f7000 	C:\WINDOWS\SYSTEM32\dhcpcsvc6.DLL
0x00007ffa5bf00000 - 0x00007ffa5bf1d000 	C:\WINDOWS\SYSTEM32\dhcpcsvc.DLL
0x00007ffa68e10000 - 0x00007ffa68eda000 	C:\WINDOWS\SYSTEM32\DNSAPI.dll
0x00007ffa653d0000 - 0x00007ffa65415000 	C:\Users\PALLADIN\AppData\Local\Temp\jna-1792077625\jna1195230152783925355.dll
0x00007ffa6a350000 - 0x00007ffa6a358000 	C:\WINDOWS\System32\PSAPI.DLL
0x00007ffa57c70000 - 0x00007ffa57c7e000 	C:\Users\PALLADIN\.vscode\extensions\redhat.java-1.16.0-win32-x64\jre\17.0.6-win32-x86_64\bin\sunmscapi.dll
0x00007ffa69b80000 - 0x00007ffa69cd6000 	C:\WINDOWS\System32\CRYPT32.dll
0x00007ffa693f0000 - 0x00007ffa69417000 	C:\WINDOWS\SYSTEM32\ncrypt.dll
0x00007ffa693b0000 - 0x00007ffa693eb000 	C:\WINDOWS\SYSTEM32\NTASN1.dll
0x00007ffa57690000 - 0x00007ffa5769a000 	C:\Windows\System32\rasadhlp.dll
0x00007ffa58140000 - 0x00007ffa581c0000 	C:\WINDOWS\System32\fwpuclnt.dll

dbghelp: loaded successfully - version: 4.0.5 - missing functions: none
symbol engine: initialized successfully - sym options: 0x614 - pdb path: .;c:\Users\PALLADIN\.vscode\extensions\redhat.java-1.16.0-win32-x64\jre\17.0.6-win32-x86_64\bin;C:\WINDOWS\SYSTEM32;C:\WINDOWS\WinSxS\amd64_microsoft.windows.common-controls_6595b64144ccf1df_6.0.19041.1110_none_60b5254171f9507e;c:\Users\PALLADIN\.vscode\extensions\redhat.java-1.16.0-win32-x64\jre\17.0.6-win32-x86_64\bin\server;C:\Users\PALLADIN\AppData\Roaming\Code\User\globalStorage\redhat.java\1.16.0\config_win\org.eclipse.equinox.launcher\org.eclipse.equinox.launcher.win32.win32.x86_64_1.2.700.v20221108-1024;C:\Users\PALLADIN\AppData\Local\Temp\jna-1792077625

VM Arguments:
jvm_args: --add-modules=ALL-SYSTEM --add-opens=java.base/java.util=ALL-UNNAMED --add-opens=java.base/java.lang=ALL-UNNAMED --add-opens=java.base/sun.nio.fs=ALL-UNNAMED -Declipse.application=org.eclipse.jdt.ls.core.id1 -Dosgi.bundles.defaultStartLevel=4 -Declipse.product=org.eclipse.jdt.ls.core.product -Djava.import.generatesMetadataFilesAtProjectRoot=false -Dfile.encoding=utf8 -XX:+UseParallelGC -XX:GCTimeRatio=4 -XX:AdaptiveSizePolicyWeight=90 -Dsun.zip.disableMemoryMapping=true -Xmx1G -Xms100m -Xlog:disable -javaagent:c:\Users\PALLADIN\.vscode\extensions\redhat.java-1.16.0-win32-x64\lombok\lombok-1.18.24.jar -XX:+HeapDumpOnOutOfMemoryError -XX:HeapDumpPath=c:\Users\PALLADIN\AppData\Roaming\Code\User\workspaceStorage\71de4f639e1c383610c6ebc6cf9e0543\redhat.java 
java_command: c:\Users\PALLADIN\.vscode\extensions\redhat.java-1.16.0-win32-x64\server\plugins\org.eclipse.equinox.launcher_1.6.400.v20210924-0641.jar -configuration c:\Users\PALLADIN\AppData\Roaming\Code\User\globalStorage\redhat.java\1.16.0\config_win -data c:\Users\PALLADIN\AppData\Roaming\Code\User\workspaceStorage\71de4f639e1c383610c6ebc6cf9e0543\redhat.java\jdt_ws
java_class_path (initial): c:\Users\PALLADIN\.vscode\extensions\redhat.java-1.16.0-win32-x64\server\plugins\org.eclipse.equinox.launcher_1.6.400.v20210924-0641.jar
Launcher Type: SUN_STANDARD

[Global flags]
    uintx AdaptiveSizePolicyWeight                 = 90                                        {product} {command line}
     intx CICompilerCount                          = 3                                         {product} {ergonomic}
    uintx GCTimeRatio                              = 4                                         {product} {command line}
     bool HeapDumpOnOutOfMemoryError               = true                                   {manageable} {command line}
    ccstr HeapDumpPath                             = c:\Users\PALLADIN\AppData\Roaming\Code\User\workspaceStorage\71de4f639e1c383610c6ebc6cf9e0543\redhat.java         {manageable} {command line}
   size_t InitialHeapSize                          = 104857600                                 {product} {command line}
   size_t MaxHeapSize                              = 1073741824                                {product} {command line}
   size_t MaxNewSize                               = 357564416                                 {product} {ergonomic}
   size_t MinHeapDeltaBytes                        = 524288                                    {product} {ergonomic}
   size_t MinHeapSize                              = 104857600                                 {product} {command line}
   size_t NewSize                                  = 34603008                                  {product} {ergonomic}
    uintx NonNMethodCodeHeapSize                   = 5832780                                {pd product} {ergonomic}
    uintx NonProfiledCodeHeapSize                  = 122912730                              {pd product} {ergonomic}
   size_t OldSize                                  = 70254592                                  {product} {ergonomic}
    uintx ProfiledCodeHeapSize                     = 122912730                              {pd product} {ergonomic}
    uintx ReservedCodeCacheSize                    = 251658240                              {pd product} {ergonomic}
     bool SegmentedCodeCache                       = true                                      {product} {ergonomic}
   size_t SoftMaxHeapSize                          = 1073741824                             {manageable} {ergonomic}
     bool UseCompressedClassPointers               = true                           {product lp64_product} {ergonomic}
     bool UseCompressedOops                        = true                           {product lp64_product} {ergonomic}
     bool UseLargePagesIndividualAllocation        = false                                  {pd product} {ergonomic}
     bool UseParallelGC                            = true                                      {product} {command line}

Logging:
Log output configuration:
 #0: stdout all=off uptime,level,tags
 #1: stderr all=off uptime,level,tags

Environment Variables:
JAVA_HOME=C:\Program Files\Java\jdk-19
PATH=C:\Program Files\Common Files\Oracle\Java\javapath;C:\WINDOWS\system32;C:\WINDOWS;C:\WINDOWS\System32\Wbem;C:\WINDOWS\System32\WindowsPowerShell\v1.0\;C:\WINDOWS\System32\OpenSSH\;C:\Program Files (x86)\ATI Technologies\ATI.ACE\Core-Static;C:\Program Files\7-Zip;C:\Program Files (x86)\Common Files\Acronis\SnapAPI\;C:\Program Files\dotnet\;C:\Program Files (x86)\dotnet\;C:\Program Files\PowerShell\7\;C:\Program Files\Git\cmd;C:\Program Files\Java\jdk-19\bin;C:\Users\PALLADIN\AppData\Local\Programs\Python\Python311\Scripts\;C:\Users\PALLADIN\AppData\Local\Programs\Python\Python311\;C:\Users\PALLADIN\AppData\Local\Microsoft\WindowsApps;;C:\Users\PALLADIN\AppData\Local\Programs\Microsoft VS Code\bin;C:\Users\PALLADIN\.dotnet\tools;C:\Program Files\JetBrains\PyCharm Community Edition 2022.2.3\bin;;C:\Program Files\JetBrains\IntelliJ IDEA Community Edition 2022.3.3\bin;
USERNAME=PALLADIN
OS=Windows_NT
PROCESSOR_IDENTIFIER=Intel64 Family 6 Model 76 Stepping 4, GenuineIntel
TMP=C:\Users\PALLADIN\AppData\Local\Temp
TEMP=C:\Users\PALLADIN\AppData\Local\Temp



---------------  S Y S T E M  ---------------

OS:
 Windows 10 , 64 bit Build 19041 (10.0.19041.2364)
OS uptime: 0 days 3:25 hours

CPU: total 4 (initial active 4) (4 cores per cpu, 1 threads per core) family 6 model 76 stepping 4 microcode 0x411, cx8, cmov, fxsr, mmx, 3dnowpref, sse, sse2, sse3, ssse3, sse4.1, sse4.2, popcnt, tsc, tscinvbit, aes, erms, clmul, clflush

Memory: 4k page, system-wide physical 8017M (1193M free)
TotalPageFile size 8017M (AvailPageFile size 8M)
current process WorkingSet (physical memory assigned to process): 231M, peak: 237M
current process commit charge ("private bytes"): 297M, peak: 302M

vm_info: OpenJDK 64-Bit Server VM (17.0.6+10) for windows-amd64 JRE (17.0.6+10), built on Jan 18 2023 10:08:59 by "temurin" with MS VC++ 16.7 (VS2019)

END.
